<?xml version="1.0" encoding="UTF-8"?>
<!-- Generated by org.testng.reporters.JUnitXMLReporter -->
<testsuite hostname="Lucifer" ignored="0" name="Validation for Posts and Users" tests="10" failures="0" timestamp="2024-01-07T12:59:07 IST" time="9.281" errors="0">
  <testcase name="createPostTest" time="2.571" classname="org.project.testCaseValidation.validationForPost"/>
  <testcase name="deletePostTest" time="1.1" classname="org.project.testCaseValidation.validationForPost"/>
  <testcase name="getPostByIdTest" time="0.255" classname="org.project.testCaseValidation.validationForPost"/>
  <testcase name="getPostsTest" time="0.322" classname="org.project.testCaseValidation.validationForPost"/>
  <testcase name="updatePostTest" time="1.248" classname="org.project.testCaseValidation.validationForPost"/>
  <testcase name="createUserTest" time="1.114" classname="org.project.testCaseValidation.validationForUser"/>
  <testcase name="deleteUserTest" time="0.53" classname="org.project.testCaseValidation.validationForUser"/>
  <testcase name="getUserByIdTest" time="0.29" classname="org.project.testCaseValidation.validationForUser"/>
  <testcase name="getUsersTest" time="0.276" classname="org.project.testCaseValidation.validationForUser"/>
  <testcase name="updateUserTest" time="1.164" classname="org.project.testCaseValidation.validationForUser"/>
</testsuite> <!-- Validation for Posts and Users -->
